{
  "stats": {
    "suites": 2,
    "tests": 10,
    "passes": 10,
    "pending": 0,
    "failures": 0,
    "start": "2022-08-01T10:52:16.740Z",
    "end": "2022-08-01T10:52:26.966Z",
    "duration": 10226,
    "testsRegistered": 10,
    "passPercent": 100,
    "pendingPercent": 0,
    "other": 0,
    "hasOther": false,
    "skipped": 0,
    "hasSkipped": false
  },
  "results": [
    {
      "uuid": "e232a447-6959-4761-8c51-d4b0771079a1",
      "title": "",
      "fullFile": "",
      "file": "",
      "beforeHooks": [],
      "afterHooks": [],
      "tests": [],
      "suites": [
        {
          "uuid": "902304a4-0f8e-4a57-badc-78c9d0c369d2",
          "title": "Adding trainer response to user request without media content",
          "fullFile": "C:\\Users\\Dell\\OneDrive\\Masaüstü\\GITHUB\\ridelyTask\\test\\Test_1.js",
          "file": "\\test\\Test_1.js",
          "beforeHooks": [
            {
              "title": "\"before all\" hook in \"Adding trainer response to user request without media content\"",
              "fullTitle": "Adding trainer response to user request without media content \"before all\" hook in \"Adding trainer response to user request without media content\"",
              "timedOut": false,
              "duration": 2782,
              "state": null,
              "speed": null,
              "pass": false,
              "fail": false,
              "pending": false,
              "context": null,
              "code": "await loginPage.navigateToUrl(config.BASE_URL)\nawait driver.manage().window().maximize()\nawait driver.manage().deleteAllCookies();\nawait driver.manage().setTimeouts({ implicit: 10000 });",
              "err": {},
              "uuid": "e88fea5c-967e-4eda-8280-403397a77219",
              "parentUUID": "902304a4-0f8e-4a57-badc-78c9d0c369d2",
              "isHook": true,
              "skipped": false
            }
          ],
          "afterHooks": [
            {
              "title": "\"after all\" hook in \"Adding trainer response to user request without media content\"",
              "fullTitle": "Adding trainer response to user request without media content \"after all\" hook in \"Adding trainer response to user request without media content\"",
              "timedOut": false,
              "duration": 59,
              "state": null,
              "speed": null,
              "pass": false,
              "fail": false,
              "pending": false,
              "context": null,
              "code": "await driver.quit();",
              "err": {},
              "uuid": "74c9aa8e-dfce-48f0-a0ce-0eaaad4c93c7",
              "parentUUID": "902304a4-0f8e-4a57-badc-78c9d0c369d2",
              "isHook": true,
              "skipped": false
            }
          ],
          "tests": [
            {
              "title": "Login the application",
              "fullTitle": "Adding trainer response to user request without media content Login the application",
              "timedOut": false,
              "duration": 303,
              "state": "passed",
              "speed": "slow",
              "pass": true,
              "fail": false,
              "pending": false,
              "context": null,
              "code": "await loginPage.loginApp(config.EMAIL, config.PASSWORD)",
              "err": {},
              "uuid": "56bc33e5-b168-45e5-9414-6f3fed3cd301",
              "parentUUID": "902304a4-0f8e-4a57-badc-78c9d0c369d2",
              "isHook": false,
              "skipped": false
            },
            {
              "title": "Click the Review Module",
              "fullTitle": "Adding trainer response to user request without media content Click the Review Module",
              "timedOut": false,
              "duration": 640,
              "state": "passed",
              "speed": "slow",
              "pass": true,
              "fail": false,
              "pending": false,
              "context": null,
              "code": "await homePage.navigateToModule(\"Reviews\")",
              "err": {},
              "uuid": "18f22e90-01a7-4690-9f85-6c5c8133aa69",
              "parentUUID": "902304a4-0f8e-4a57-badc-78c9d0c369d2",
              "isHook": false,
              "skipped": false
            },
            {
              "title": "Click Wait for user link",
              "fullTitle": "Adding trainer response to user request without media content Click Wait for user link",
              "timedOut": false,
              "duration": 119,
              "state": "passed",
              "speed": "slow",
              "pass": true,
              "fail": false,
              "pending": false,
              "context": null,
              "code": "await reviewsPage.navigateToReviewsLinks(\"Waiting for user\")",
              "err": {},
              "uuid": "1b68aad9-addc-4c21-918e-05fc782aeae7",
              "parentUUID": "902304a4-0f8e-4a57-badc-78c9d0c369d2",
              "isHook": false,
              "skipped": false
            },
            {
              "title": "Select user who asks question",
              "fullTitle": "Adding trainer response to user request without media content Select user who asks question",
              "timedOut": false,
              "duration": 150,
              "state": "passed",
              "speed": "slow",
              "pass": true,
              "fail": false,
              "pending": false,
              "context": null,
              "code": "await driver.wait(until.elementLocated(By.xpath(\"(//td[text()='Darek Ridely'])[1]\")), 10000)\nawait reviewsPage.selectUser(\"Darek Ridely\")",
              "err": {},
              "uuid": "1ad1c69a-55a1-4fc6-965f-a8361ba41cbe",
              "parentUUID": "902304a4-0f8e-4a57-badc-78c9d0c369d2",
              "isHook": false,
              "skipped": false
            },
            {
              "title": "Send Response without media content and verify it",
              "fullTitle": "Adding trainer response to user request without media content Send Response without media content and verify it",
              "timedOut": false,
              "duration": 1676,
              "state": "passed",
              "speed": "slow",
              "pass": true,
              "fail": false,
              "pending": false,
              "context": null,
              "code": "await reviewsPage.typeResponse(\"No heaven can heaven be, if my horse is not there to welcome me.\")\nawait reviewsPage.clickSendButton().then(() => {\n    reviewsPage.verifyLatestResponse(\"No heaven can heaven be, if my horse is not there to welcome me.\")\n})",
              "err": {},
              "uuid": "aa30c4df-51ba-40f4-a16a-68dd0808cb63",
              "parentUUID": "902304a4-0f8e-4a57-badc-78c9d0c369d2",
              "isHook": false,
              "skipped": false
            }
          ],
          "suites": [],
          "passes": [
            "56bc33e5-b168-45e5-9414-6f3fed3cd301",
            "18f22e90-01a7-4690-9f85-6c5c8133aa69",
            "1b68aad9-addc-4c21-918e-05fc782aeae7",
            "1ad1c69a-55a1-4fc6-965f-a8361ba41cbe",
            "aa30c4df-51ba-40f4-a16a-68dd0808cb63"
          ],
          "failures": [],
          "pending": [],
          "skipped": [],
          "duration": 2888,
          "root": false,
          "rootEmpty": false,
          "_timeout": 30000
        },
        {
          "uuid": "a96dcde0-fb9f-431f-b91d-f68f8052285c",
          "title": "Adding trainer response to user request with media content",
          "fullFile": "C:\\Users\\Dell\\OneDrive\\Masaüstü\\GITHUB\\ridelyTask\\test\\Test_2.js",
          "file": "\\test\\Test_2.js",
          "beforeHooks": [
            {
              "title": "\"before all\" hook in \"Adding trainer response to user request with media content\"",
              "fullTitle": "Adding trainer response to user request with media content \"before all\" hook in \"Adding trainer response to user request with media content\"",
              "timedOut": false,
              "duration": 1576,
              "state": null,
              "speed": null,
              "pass": false,
              "fail": false,
              "pending": false,
              "context": null,
              "code": "await loginPage.navigateToUrl(config.BASE_URL)\nawait driver.manage().window().maximize()\nawait driver.manage().deleteAllCookies();\nawait driver.manage().setTimeouts({ implicit: 10000 });",
              "err": {},
              "uuid": "4f08053e-ac7d-49d4-af87-269410d48bbc",
              "parentUUID": "a96dcde0-fb9f-431f-b91d-f68f8052285c",
              "isHook": true,
              "skipped": false
            }
          ],
          "afterHooks": [
            {
              "title": "\"after all\" hook in \"Adding trainer response to user request with media content\"",
              "fullTitle": "Adding trainer response to user request with media content \"after all\" hook in \"Adding trainer response to user request with media content\"",
              "timedOut": false,
              "duration": 86,
              "state": null,
              "speed": null,
              "pass": false,
              "fail": false,
              "pending": false,
              "context": null,
              "code": "await driver.quit();",
              "err": {},
              "uuid": "f41c8a50-a8d7-462e-8e4a-b01ad13088a0",
              "parentUUID": "a96dcde0-fb9f-431f-b91d-f68f8052285c",
              "isHook": true,
              "skipped": false
            }
          ],
          "tests": [
            {
              "title": "Login the application",
              "fullTitle": "Adding trainer response to user request with media content Login the application",
              "timedOut": false,
              "duration": 291,
              "state": "passed",
              "speed": "slow",
              "pass": true,
              "fail": false,
              "pending": false,
              "context": null,
              "code": "await loginPage.loginApp(config.EMAIL, config.PASSWORD)",
              "err": {},
              "uuid": "8ace92bd-ece0-4dd1-a931-59f970862cbe",
              "parentUUID": "a96dcde0-fb9f-431f-b91d-f68f8052285c",
              "isHook": false,
              "skipped": false
            },
            {
              "title": "Click the Review Module",
              "fullTitle": "Adding trainer response to user request with media content Click the Review Module",
              "timedOut": false,
              "duration": 596,
              "state": "passed",
              "speed": "slow",
              "pass": true,
              "fail": false,
              "pending": false,
              "context": null,
              "code": "await homePage.navigateToModule(\"Reviews\")",
              "err": {},
              "uuid": "b0458a0d-2c20-4e42-855d-cb3066c14621",
              "parentUUID": "a96dcde0-fb9f-431f-b91d-f68f8052285c",
              "isHook": false,
              "skipped": false
            },
            {
              "title": "Click Wait for user link",
              "fullTitle": "Adding trainer response to user request with media content Click Wait for user link",
              "timedOut": false,
              "duration": 148,
              "state": "passed",
              "speed": "slow",
              "pass": true,
              "fail": false,
              "pending": false,
              "context": null,
              "code": "await reviewsPage.navigateToReviewsLinks(\"Waiting for user\")",
              "err": {},
              "uuid": "34940ab8-17d7-4193-8f92-88119215fe31",
              "parentUUID": "a96dcde0-fb9f-431f-b91d-f68f8052285c",
              "isHook": false,
              "skipped": false
            },
            {
              "title": "Select user who asks question",
              "fullTitle": "Adding trainer response to user request with media content Select user who asks question",
              "timedOut": false,
              "duration": 121,
              "state": "passed",
              "speed": "slow",
              "pass": true,
              "fail": false,
              "pending": false,
              "context": null,
              "code": "await driver.wait(until.elementLocated(By.xpath(\"(//td[text()='Darek Ridely'])[1]\")), 10000)\nawait reviewsPage.selectUser(\"Darek Ridely\")",
              "err": {},
              "uuid": "dd4635e3-eaba-4e3e-b37c-37d8426fed99",
              "parentUUID": "a96dcde0-fb9f-431f-b91d-f68f8052285c",
              "isHook": false,
              "skipped": false
            },
            {
              "title": "Send Response with media content and verify it",
              "fullTitle": "Adding trainer response to user request with media content Send Response with media content and verify it",
              "timedOut": false,
              "duration": 1649,
              "state": "passed",
              "speed": "slow",
              "pass": true,
              "fail": false,
              "pending": false,
              "context": null,
              "code": "await reviewsPage.typeResponse(\"No heaven can heaven be, if my horse is not there to welcome me.\")\n await reviewsPage.addImage(imagePath)\n \n await reviewsPage.clickSendButton().then(() => {\n     reviewsPage.verifyLatestResponse(\"No heaven can heaven be, if my horse is not there to welcome me.\")\n     reviewsPage.verifyLatestImage()\n })",
              "err": {},
              "uuid": "fb4e2037-7ab8-463d-ba05-01790f33af5f",
              "parentUUID": "a96dcde0-fb9f-431f-b91d-f68f8052285c",
              "isHook": false,
              "skipped": false
            }
          ],
          "suites": [],
          "passes": [
            "8ace92bd-ece0-4dd1-a931-59f970862cbe",
            "b0458a0d-2c20-4e42-855d-cb3066c14621",
            "34940ab8-17d7-4193-8f92-88119215fe31",
            "dd4635e3-eaba-4e3e-b37c-37d8426fed99",
            "fb4e2037-7ab8-463d-ba05-01790f33af5f"
          ],
          "failures": [],
          "pending": [],
          "skipped": [],
          "duration": 2805,
          "root": false,
          "rootEmpty": false,
          "_timeout": 30000
        }
      ],
      "passes": [],
      "failures": [],
      "pending": [],
      "skipped": [],
      "duration": 0,
      "root": true,
      "rootEmpty": true,
      "_timeout": 0
    }
  ],
  "meta": {
    "mocha": {
      "version": "10.0.0"
    },
    "mochawesome": {
      "options": {
        "quiet": false,
        "reportFilename": "mochawesome",
        "saveHtml": true,
        "saveJson": true,
        "consoleReporter": "spec",
        "useInlineDiffs": false,
        "code": true
      },
      "version": "7.1.3"
    },
    "marge": {
      "options": null,
      "version": "6.2.0"
    }
  }
}